<?xml version="1.0" encoding="UTF-8"?>
<!-- Generated by org.testng.reporters.JUnitReportReporter -->
<testsuite hostname="DESKTOP-LMR0PBH" failures="0" tests="5" name="BtesHrm_PIM.TestCases.LoginTest" time="9.320" errors="0" timestamp="2021-05-27T15:27:17 IST" skipped="0">
  <testcase classname="BtesHrm_PIM.TestCases.LoginTest" name="Check_Img" time="0.076"/>
  <system-out/>
  <testcase classname="BtesHrm_PIM.TestCases.LoginTest" name="Invalid_Login" time="1.477"/>
  <system-out/>
  <testcase classname="BtesHrm_PIM.TestCases.LoginTest" name="VldUserInvdPass" time="1.521"/>
  <system-out/>
  <testcase classname="BtesHrm_PIM.TestCases.LoginTest" name="InvdUserVldPass" time="1.459"/>
  <system-out/>
  <testcase classname="BtesHrm_PIM.TestCases.LoginTest" name="Valid_Login" time="4.787"/>
  <system-out/>
</testsuite> <!-- BtesHrm_PIM.TestCases.LoginTest -->
