<?xml version="1.0" encoding="UTF-8"?>
<!-- Generated by org.testng.reporters.JUnitReportReporter -->
<testsuite hostname="DESKTOP-LMR0PBH" failures="0" tests="2" name="TestNG_Pack.TestDemo1" time="0.001" errors="0" timestamp="2021-05-12T05:43:22 IST" skipped="0">
  <testcase classname="TestNG_Pack.TestDemo1" name="gamma" time="0.000"/>
  <system-out/>
  <testcase classname="TestNG_Pack.TestDemo1" name="beta" time="0.001"/>
  <system-out/>
</testsuite> <!-- TestNG_Pack.TestDemo1 -->
