<?xml version="1.0" encoding="UTF-8"?>
<!-- Generated by org.testng.reporters.JUnitReportReporter -->
<testsuite hostname="DESKTOP-LMR0PBH" failures="0" tests="1" name="TestNG_Pack.TestDemo" time="0.019" errors="0" timestamp="2021-05-08T06:43:36 IST" skipped="0">
  <testcase classname="TestNG_Pack.TestDemo" name="demo" time="0.019"/>
  <system-out/>
</testsuite> <!-- TestNG_Pack.TestDemo -->
