<?xml version="1.0" encoding="UTF-8"?>
<!-- Generated by org.testng.reporters.JUnitReportReporter -->
<testsuite hostname="DESKTOP-LMR0PBH" failures="0" tests="3" name="TestNG_Pack.TestDemo2" time="0.009" errors="0" timestamp="2021-05-14T20:23:51 IST" skipped="0">
  <testcase classname="TestNG_Pack.TestDemo2" name="logoTest" time="0.001"/>
  <system-out/>
  <testcase classname="TestNG_Pack.TestDemo2" name="searchPanel" time="0.003"/>
  <system-out/>
  <testcase classname="TestNG_Pack.TestDemo2" name="googleTitleTest" time="0.005"/>
  <system-out/>
</testsuite> <!-- TestNG_Pack.TestDemo2 -->
