<?xml version="1.0" encoding="UTF-8"?>
<!-- Generated by org.testng.reporters.JUnitReportReporter -->
<testsuite hostname="DESKTOP-LMR0PBH" failures="0" tests="4" name="TestNG_Pack.TagTestNG" time="0.008" errors="0" timestamp="2021-05-20T17:50:03 IST" skipped="0">
  <testcase classname="TestNG_Pack.TagTestNG" name="test" time="0.005"/>
  <system-out/>
  <testcase classname="TestNG_Pack.TagTestNG" name="test" time="0.001"/>
  <system-out/>
  <testcase classname="TestNG_Pack.TagTestNG" name="test" time="0.001"/>
  <system-out/>
  <testcase classname="TestNG_Pack.TagTestNG" name="test" time="0.001"/>
  <system-out/>
</testsuite> <!-- TestNG_Pack.TagTestNG -->
